<?xml version="1.0" encoding="UTF-8"?>
<!-- Generated by org.testng.reporters.JUnitXMLReporter -->
<testsuite hostname="HDC2-D-CLCPXJ2" ignored="1" name="Test" tests="4" failures="0" timestamp="21 Oct 2019 06:36:58 GMT" time="0.077" errors="0">
  <testcase name="addtocart" time="0.016" classname="MyDemo2.MyDemo2.day3"/>
  <testcase name="logout" time="0.004" classname="MyDemo2.MyDemo2.day3"/>
  <testcase name="payment" time="0.003" classname="MyDemo2.MyDemo2.day3"/>
  <testcase name="searchItem" time="0.002" classname="MyDemo2.MyDemo2.day3"/>
  <testcase name="login" time="0.0" classname="MyDemo2.MyDemo2.day3">
    <ignored/>
  </testcase> <!-- login -->
</testsuite> <!-- Test -->
