<?xml version="1.0" encoding="UTF-8"?>
<testng-results skipped="0" failed="0" ignored="0" total="1" passed="1">
  <reporter-output>
  </reporter-output>
  <suite name="Default suite" duration-ms="745" started-at="2019-10-23T09:18:02Z" finished-at="2019-10-23T09:18:03Z">
    <groups>
    </groups>
    <test name="Default test" duration-ms="745" started-at="2019-10-23T09:18:02Z" finished-at="2019-10-23T09:18:03Z">
      <class name="MyDemo2.MyDemo2.localExcel">
        <test-method status="PASS" signature="f()[pri:0, instance:MyDemo2.MyDemo2.localExcel@5622fdf]" name="f" duration-ms="695" started-at="2019-10-23T09:18:02Z" finished-at="2019-10-23T09:18:03Z">
          <reporter-output>
          </reporter-output>
        </test-method> <!-- f -->
      </class> <!-- MyDemo2.MyDemo2.localExcel -->
    </test> <!-- Default test -->
  </suite> <!-- Default suite -->
</testng-results>
